#
# There is insufficient memory for the Java Runtime Environment to continue.
# Native memory allocation (malloc) failed to allocate 1048576 bytes for AllocateHeap
# Possible reasons:
#   The system is out of physical RAM or swap space
#   The process is running with CompressedOops enabled, and the Java Heap may be blocking the growth of the native heap
# Possible solutions:
#   Reduce memory load on the system
#   Increase physical memory or swap space
#   Check if swap backing store is full
#   Decrease Java heap size (-Xmx/-Xms)
#   Decrease number of Java threads
#   Decrease Java thread stack sizes (-Xss)
#   Set larger code cache with -XX:ReservedCodeCacheSize=
#   JVM is running with Zero Based Compressed Oops mode in which the Java heap is
#     placed in the first 32GB address space. The Java Heap base address is the
#     maximum limit for the native heap growth. Please use -XX:HeapBaseMinAddress
#     to set the Java Heap base and to place the Java Heap above 32GB virtual address.
# This output file may be truncated or incomplete.
#
#  Out of Memory Error (memory/allocation.inline.hpp:61), pid=16736, tid=0x0000000000001898
#
# JRE version:  (8.0_271-b09) (build )
# Java VM: Java HotSpot(TM) 64-Bit Server VM (25.271-b09 mixed mode windows-amd64 compressed oops)
# Failed to write core dump. Minidumps are not enabled by default on client versions of Windows
#

---------------  T H R E A D  ---------------

Current thread (0x000001b809bd5800):  JavaThread "Unknown thread" [_thread_in_vm, id=6296, stack(0x0000003cf7d00000,0x0000003cf7e00000)]

Stack: [0x0000003cf7d00000,0x0000003cf7e00000]
Native frames: (J=compiled Java code, j=interpreted, Vv=VM code, C=native code)
V  [jvm.dll+0x33f6c9]
V  [jvm.dll+0x286122]
V  [jvm.dll+0x286dcd]
V  [jvm.dll+0x27d805]
V  [jvm.dll+0x1565d]
V  [jvm.dll+0x3e35e7]
V  [jvm.dll+0x3e3fd8]
V  [jvm.dll+0x10cfff]
V  [jvm.dll+0x21ab2b]
V  [jvm.dll+0x2494e7]
V  [jvm.dll+0x172a76]
C  [javaw.exe+0x2322]
C  [javaw.exe+0x16544]
C  [KERNEL32.DLL+0x17c24]
C  [ntdll.dll+0x6d721]


---------------  P R O C E S S  ---------------

Java Threads: ( => current thread )

Other Threads:

=>0x000001b809bd5800 (exited) JavaThread "Unknown thread" [_thread_in_vm, id=6296, stack(0x0000003cf7d00000,0x0000003cf7e00000)]

VM state:not at safepoint (normal execution)

VM Mutex/Monitor currently owned by a thread: None

heap address: 0x0000000701c00000, size: 3044 MB, Compressed Oops mode: Zero based, Oop shift amount: 3
Narrow klass base: 0x0000000000000000, Narrow klass shift: 3
Compressed class space size: 1073741824 Address: 0x00000007c0000000

Heap:
 PSYoungGen      total 57344K, used 983K [0x0000000780980000, 0x0000000784980000, 0x00000007c0000000)
  eden space 49152K, 2% used [0x0000000780980000,0x0000000780a75c38,0x0000000783980000)
  from space 8192K, 0% used [0x0000000784180000,0x0000000784180000,0x0000000784980000)
  to   space 8192K, 0% used [0x0000000783980000,0x0000000783980000,0x0000000784180000)
 ParOldGen       total 131072K, used 0K [0x0000000701c00000, 0x0000000709c00000, 0x0000000780980000)
  object space 131072K, 0% used [0x0000000701c00000,0x0000000701c00000,0x0000000709c00000)
 Metaspace       used 752K, capacity 4480K, committed 4480K, reserved 1056768K
  class space    used 76K, capacity 384K, committed 384K, reserved 1048576K

Card table byte_map: [0x000001b81a900000,0x000001b81af00000] byte_map_base: 0x000001b8170f2000

Marking Bits: (ParMarkBitMap*) 0x0000000070fd7fe0
 Begin Bits: [0x000001b81b300000, 0x000001b81e290000)
 End Bits:   [0x000001b81e290000, 0x000001b821220000)

Polling page: 0x000001b809b90000

CodeCache: size=245760Kb used=328Kb max_used=328Kb free=245431Kb
 bounds [0x000001b80b540000, 0x000001b80b7b0000, 0x000001b81a540000]
 total_blobs=58 nmethods=0 adapters=38
 compilation: enabled

Compilation events (0 events):
No events

GC Heap History (0 events):
No events

Deoptimization events (0 events):
No events

Classes redefined (0 events):
No events

Internal exceptions (0 events):
No events

Events (10 events):
Event: 0.195 loading class java/lang/Short
Event: 0.195 loading class java/lang/Short done
Event: 0.195 loading class java/lang/Integer
Event: 0.195 loading class java/lang/Integer done
Event: 0.195 loading class java/lang/Long
Event: 0.195 loading class java/lang/Long done
Event: 0.196 loading class java/lang/NullPointerException
Event: 0.196 loading class java/lang/NullPointerException done
Event: 0.196 loading class java/lang/ArithmeticException
Event: 0.196 loading class java/lang/ArithmeticException done


Dynamic libraries:
0x00007ff7db7a0000 - 0x00007ff7db7e7000 	C:\Program Files\Java\jre1.8.0_271\bin\javaw.exe
0x00007ff9c7580000 - 0x00007ff9c7770000 	C:\WINDOWS\SYSTEM32\ntdll.dll
0x00007ff9c6bb0000 - 0x00007ff9c6c62000 	C:\WINDOWS\System32\KERNEL32.DLL
0x00007ff9c4850000 - 0x00007ff9c4af5000 	C:\WINDOWS\System32\KERNELBASE.dll
0x00007ff9c60b0000 - 0x00007ff9c6153000 	C:\WINDOWS\System32\ADVAPI32.dll
0x00007ff9c62a0000 - 0x00007ff9c633e000 	C:\WINDOWS\System32\msvcrt.dll
0x00007ff9c6010000 - 0x00007ff9c60a7000 	C:\WINDOWS\System32\sechost.dll
0x00007ff9c6ed0000 - 0x00007ff9c6fef000 	C:\WINDOWS\System32\RPCRT4.dll
0x00007ff9c5e40000 - 0x00007ff9c5fd4000 	C:\WINDOWS\System32\USER32.dll
0x00007ff9c4d10000 - 0x00007ff9c4d31000 	C:\WINDOWS\System32\win32u.dll
0x00007ff9c63c0000 - 0x00007ff9c63e6000 	C:\WINDOWS\System32\GDI32.dll
0x00007ff9c46b0000 - 0x00007ff9c4848000 	C:\WINDOWS\System32\gdi32full.dll
0x00007ff9c4b20000 - 0x00007ff9c4bbe000 	C:\WINDOWS\System32\msvcp_win.dll
0x00007ff9c4bc0000 - 0x00007ff9c4cba000 	C:\WINDOWS\System32\ucrtbase.dll
0x00007ff9a89a0000 - 0x00007ff9a8c24000 	C:\WINDOWS\WinSxS\amd64_microsoft.windows.common-controls_6595b64144ccf1df_6.0.18362.1379_none_9e7ff3b3e45cc0c4\COMCTL32.dll
0x00007ff9c5890000 - 0x00007ff9c5bc7000 	C:\WINDOWS\System32\combase.dll
0x00007ff9c4d70000 - 0x00007ff9c4df1000 	C:\WINDOWS\System32\bcryptPrimitives.dll
0x00007ff9c5fe0000 - 0x00007ff9c600e000 	C:\WINDOWS\System32\IMM32.DLL
0x00007ff9befc0000 - 0x00007ff9befd5000 	C:\Program Files\Java\jre1.8.0_271\bin\vcruntime140.dll
0x00007ff98d370000 - 0x00007ff98d40b000 	C:\Program Files\Java\jre1.8.0_271\bin\msvcp140.dll
0x00000000707e0000 - 0x000000007104f000 	C:\Program Files\Java\jre1.8.0_271\bin\server\jvm.dll
0x00007ff9c6c70000 - 0x00007ff9c6c78000 	C:\WINDOWS\System32\PSAPI.DLL
0x00007ff9b98e0000 - 0x00007ff9b9904000 	C:\WINDOWS\SYSTEM32\WINMM.dll
0x00007ff9a6330000 - 0x00007ff9a6339000 	C:\WINDOWS\SYSTEM32\WSOCK32.dll
0x00007ff9c0560000 - 0x00007ff9c056a000 	C:\WINDOWS\SYSTEM32\VERSION.dll
0x00007ff9c6e00000 - 0x00007ff9c6e6f000 	C:\WINDOWS\System32\WS2_32.dll
0x00007ff9b98b0000 - 0x00007ff9b98dd000 	C:\WINDOWS\SYSTEM32\WINMMBASE.dll
0x00007ff9c4cc0000 - 0x00007ff9c4d0a000 	C:\WINDOWS\System32\cfgmgr32.dll
0x00007ff9c4440000 - 0x00007ff9c4451000 	C:\WINDOWS\System32\kernel.appcore.dll
0x00007ff9b94a0000 - 0x00007ff9b94b0000 	C:\Program Files\Java\jre1.8.0_271\bin\verify.dll
0x00007ff9963f0000 - 0x00007ff99641b000 	C:\Program Files\Java\jre1.8.0_271\bin\java.dll
0x00007ff9a4b90000 - 0x00007ff9a4ba8000 	C:\Program Files\Java\jre1.8.0_271\bin\zip.dll
0x00007ff9bbc00000 - 0x00007ff9bbdf4000 	C:\WINDOWS\SYSTEM32\dbghelp.dll

VM Arguments:
jvm_args: -Dfile.encoding=Cp1252 
java_command: Partic.Main
java_class_path (initial): D:\INFORMATICA\INFORMATICA 3er SEMESTRE\INF131\CLASE02\EjContenedor\bin
Launcher Type: SUN_STANDARD

Environment Variables:
PATH=C:/Program Files/Java/jre1.8.0_271/bin/server;C:/Program Files/Java/jre1.8.0_271/bin;C:/Program Files/Java/jre1.8.0_271/lib/amd64;C:\Program Files (x86)\Common Files\Oracle\Java\javapath;C:\Python39\Scripts\;C:\Python39\;C:\Program Files (x86)\Intel\iCLS Client\;C:\Program Files\Intel\iCLS Client\;C:\Windows\system32;C:\Windows;C:\Windows\System32\Wbem;C:\Windows\System32\WindowsPowerShell\v1.0\;C:\Program Files\Intel\WiFi\bin\;C:\Program Files\Common Files\Intel\WirelessCommon\;C:\Program Files (x86)\NVIDIA Corporation\PhysX\Common;C:\Program Files (x86)\Intel\Intel(R) Management Engine Components\DAL;C:\Program Files\Intel\Intel(R) Management Engine Components\DAL;C:\Program Files (x86)\Intel\Intel(R) Management Engine Components\IPT;C:\Program Files\Intel\Intel(R) Management Engine Components\IPT;C:\WINDOWS\system32;C:\WINDOWS;C:\WINDOWS\System32\Wbem;C:\WINDOWS\System32\WindowsPowerShell\v1.0\;C:\WINDOWS\System32\OpenSSH\;C:\Program Files\NVIDIA Corporation\NVIDIA NvDLISR;C:\Program Files\Java\jdk-11.0.7\bin;C:\Program Files (x86)\GtkSharp\2.12\bin;C:\Program Files\dotnet\;C:\Program Files\Microsoft VS Code\bin;C:\Program Files\nodejs\;C:\ProgramData\chocolatey\bin;C:\Users\Luis\anaconda3;C:\Users\Luis\anaconda3\Library\mingw-w64\bin;C:\Users\Luis\anaconda3\Library\usr\bin;C:\Users\Luis\anaconda3\Library\bin;C:\Users\Luis\anaconda3\Scripts;C:\Users\Luis\AppData\Local\Microsoft\WindowsApps;C:\Users\Luis\AppData\Local\GitHubDesktop\bin;C:\Users\Luis\AppData\Local\Programs\Microsoft VS Code\bin;C:\Users\Luis\.dotnet\tools;C:\Users\Luis\AppData\Roaming\npm;C:\WINDOWS\System32;
USERNAME=Admin
OS=Windows_NT
PROCESSOR_IDENTIFIER=Intel64 Family 6 Model 158 Stepping 9, GenuineIntel



---------------  S Y S T E M  ---------------

OS: Windows 10.0 , 64 bit Build 18362 (10.0.18362.1350)

CPU:total 8 (initial active 8) (4 cores per cpu, 2 threads per core) family 6 model 158 stepping 9, cmov, cx8, fxsr, mmx, sse, sse2, sse3, ssse3, sse4.1, sse4.2, popcnt, avx, avx2, aes, clmul, erms, 3dnowpref, lzcnt, ht, tsc, tscinvbit, bmi1, bmi2, adx

Memory: 4k page, physical 12464968k(2380284k free), swap 50213704k(15908k free)

vm_info: Java HotSpot(TM) 64-Bit Server VM (25.271-b09) for windows-amd64 JRE (1.8.0_271-b09), built on Sep 16 2020 19:14:59 by "" with MS VC++ 15.9 (VS2017)

time: Fri Feb 19 13:55:13 2021
timezone: Hora estándar oeste, Sudamérica
elapsed time: 0.536084 seconds (0d 0h 0m 0s)

